# Synopsys Constraint Checker, version maplat, Build 1612R, built Dec  5 2016
# Copyright (C) 1994-2016 Synopsys, Inc. All rights reserved. This Synopsys software and all associated documentation are proprietary to Synopsys, Inc. and may only be used pursuant to the terms and conditions of a written license agreement with Synopsys, Inc. All other use, reproduction, modification, or distribution of the Synopsys software or the associated documentation is strictly prohibited.

# Written on Thu Jul 11 16:15:11 2019


##### DESIGN INFO #######################################################

Top View:                "top"
Constraint File(s):      "C:\Users\esi\Documents\workspace\icecube2\zipi8\constraints\timing.sdc"




##### SUMMARY ############################################################

Found 0 issues in 0 out of 1 constraints


##### DETAILS ############################################################



Clock Relationships
*******************

Starting             Ending               |     rise to rise     |     fall to fall     |     rise to fall     |     fall to rise                     
-----------------------------------------------------------------------------------------------------------------------------------------------------
CLK_3P3_MHZ_main     CLK_3P3_MHZ_main     |     303.030          |     No paths         |     No paths         |     No paths                         
=====================================================================================================================================================
 Note: 'No paths' indicates there are no paths in the design for that pair of clock edges.
       'Diff grp' indicates that paths exist but the starting clock and ending clock are in different clock groups.


Unconstrained Start/End Points
******************************

p:BTN1
p:LED1


Inapplicable constraints
************************

(none)


Applicable constraints with issues
**********************************

(none)


Constraints with matching wildcard expressions
**********************************************

(none)


Library Report
**************


# End of Constraint Checker Report
